{"content": {"suites": {"0": {"status": {"total_pass": 0, "total_skip": 0, "total_xpass": 0, "total_xfail": 0, "total_rerun": 0, "total_fail": 2, "total_error": 0}, "tests": {"0": {"status": "FAIL", "message": "   selenium.common.exceptions.NoSuchElementException: Message: An element could not be located on the page using the given search parameters.\n", "test_name": "test_verifyloginfunctionality", "rerun": "0"}, "1": {"status": "FAIL", "message": "   selenium.common.exceptions.WebDriverException: Message: Session not started or terminated\n", "test_name": "test_verifycustomersupport", "rerun": "0"}}, "suite_name": "test_custsupport.py"}}}, "date": "March 29, 2022", "start_time": 1648579123.3111856, "total_suite": 1, "status": "FAIL", "status_list": {"pass": "0", "fail": "2", "skip": "0", "error": "0", "xpass": "0", "xfail": "0", "rerun": "0"}, "total_tests": "2"}